<?xml version="1.0" encoding="UTF-8"?>
<!-- Generated by org.testng.reporters.JUnitReportReporter -->
<testsuite hostname="LAPTOP-KQJEGKUF" failures="0" tests="3" name="com.crm.qa.testcases.TasksPageTest" time="54.319" errors="0" timestamp="2023-02-15T20:39:09 GMT-05:00" skipped="0">
  <testcase classname="com.crm.qa.testcases.TasksPageTest" name="deleteLastTaskafterSearch" time="17.919"/>
  <system-out/>
  <testcase classname="com.crm.qa.testcases.TasksPageTest" name="deleteLastTaskafterSearch" time="16.644"/>
  <system-out/>
  <testcase classname="com.crm.qa.testcases.TasksPageTest" name="deleteLastTaskafterSearch" time="19.756"/>
  <system-out/>
</testsuite> <!-- com.crm.qa.testcases.TasksPageTest -->
