<?xml version="1.0" encoding="UTF-8"?>
<!-- Generated by org.testng.reporters.JUnitReportReporter -->
<testsuite hostname="LAPTOP-KQJEGKUF" failures="0" tests="3" name="com.crm.qa.testcases.HomePageTest" time="28.423" errors="0" timestamp="2023-01-11T18:30:34 GMT-05:00" skipped="0">
  <testcase classname="com.crm.qa.testcases.HomePageTest" name="homePageTitleTest" time="9.086"/>
  <system-out/>
  <testcase classname="com.crm.qa.testcases.HomePageTest" name="verifyUserNameLabel" time="9.546"/>
  <system-out/>
  <testcase classname="com.crm.qa.testcases.HomePageTest" name="verifyContactsLinkTest" time="9.791"/>
  <system-out/>
</testsuite> <!-- com.crm.qa.testcases.HomePageTest -->
