<?xml version="1.0" encoding="UTF-8"?>
<!-- Generated by org.testng.reporters.JUnitReportReporter -->
<testsuite hostname="LAPTOP-KQJEGKUF" failures="0" tests="4" name="com.crm.qa.testcases.TasksPageTest" time="60.907" errors="0" timestamp="2023-01-12T13:08:19 GMT-05:00" skipped="0">
  <testcase classname="com.crm.qa.testcases.TasksPageTest" name="verifyTasksPage" time="11.246"/>
  <system-out/>
  <testcase classname="com.crm.qa.testcases.TasksPageTest" name="createNewTask" time="15.650"/>
  <system-out/>
  <testcase classname="com.crm.qa.testcases.TasksPageTest" name="createNewTask" time="15.163"/>
  <system-out/>
  <testcase classname="com.crm.qa.testcases.TasksPageTest" name="createNewTask" time="18.848"/>
  <system-out/>
</testsuite> <!-- com.crm.qa.testcases.TasksPageTest -->
