<?xml version="1.0" encoding="UTF-8"?>
<!-- Generated by org.testng.reporters.JUnitReportReporter -->
<testsuite hostname="LAPTOP-KQJEGKUF" failures="0" tests="4" name="com.crm.qa.testcases.ContactsPageTest" time="60.279" errors="0" timestamp="2023-01-13T13:09:30 GMT-05:00" skipped="0">
  <testcase classname="com.crm.qa.testcases.ContactsPageTest" name="verifyContactsPage" time="14.495"/>
  <system-out/>
  <testcase classname="com.crm.qa.testcases.ContactsPageTest" name="createNewContact" time="15.160"/>
  <system-out/>
  <testcase classname="com.crm.qa.testcases.ContactsPageTest" name="createNewContact" time="13.742"/>
  <system-out/>
  <testcase classname="com.crm.qa.testcases.ContactsPageTest" name="createNewContact" time="16.882"/>
  <system-out/>
</testsuite> <!-- com.crm.qa.testcases.ContactsPageTest -->
