<?xml version="1.0" encoding="UTF-8"?>
<!-- Generated by org.testng.reporters.JUnitReportReporter -->
<testsuite hostname="LAPTOP-KQJEGKUF" failures="0" tests="3" name="com.crm.qa.testcases.HomePageTest" time="29.844" errors="0" timestamp="2023-01-13T13:09:30 GMT-05:00" skipped="0">
  <testcase classname="com.crm.qa.testcases.HomePageTest" name="homePageTitleTest" time="10.260"/>
  <system-out/>
  <testcase classname="com.crm.qa.testcases.HomePageTest" name="verifyUserNameLabel" time="8.947"/>
  <system-out/>
  <testcase classname="com.crm.qa.testcases.HomePageTest" name="verifyContactsLinkTest" time="10.637"/>
  <system-out/>
</testsuite> <!-- com.crm.qa.testcases.HomePageTest -->
